<?xml version="1.0" encoding="utf-8"?><testsuites name="pytest tests"><testsuite name="pytest" errors="0" failures="0" skipped="0" tests="10" time="6.471" timestamp="2026-04-16T19:26:29.189253+00:00" hostname="agent-env-0492ad5a-8db2-4953-ab90-5228c01bc279"><testcase classname="backend.tests.test_category_level_products.TestCategoryLevelProducts" name="test_get_product_categories" time="0.411" /><testcase classname="backend.tests.test_category_level_products.TestCategoryLevelProducts" name="test_get_product_types" time="0.396" /><testcase classname="backend.tests.test_category_level_products.TestCategoryLevelProducts" name="test_get_product_specifications" time="0.341" /><testcase classname="backend.tests.test_category_level_products.TestCategoryLevelProducts" name="test_create_intervention_with_category_level_product" time="0.995" /><testcase classname="backend.tests.test_category_level_products.TestCategoryLevelProducts" name="test_add_product_at_type_level" time="1.059" /><testcase classname="backend.tests.test_category_level_products.TestCategoryLevelProducts" name="test_add_specific_product" time="0.899" /><testcase classname="backend.tests.test_category_level_products.TestCategoryLevelProducts" name="test_intervention_detail_enrichment" time="0.495" /><testcase classname="backend.tests.test_category_level_products.TestProductsModule" name="test_get_products_with_relations" time="0.344" /><testcase classname="backend.tests.test_category_level_products.TestProductsModule" name="test_get_product_instances" time="0.549" /><testcase classname="backend.tests.test_category_level_products.TestProductsModule" name="test_product_crud" time="0.909" /></testsuite></testsuites>