<?xml version="1.0" encoding="utf-8"?><testsuites name="pytest tests"><testsuite name="pytest" errors="0" failures="0" skipped="0" tests="18" time="1.391" timestamp="2026-04-14T21:21:55.131212+00:00" hostname="agent-env-0492ad5a-8db2-4953-ab90-5228c01bc279"><testcase classname="backend.tests.test_chrono_dmi_api.TestHealthCheck" name="test_health_check" time="0.012" /><testcase classname="backend.tests.test_chrono_dmi_api.TestAuth" name="test_login_admin_success" time="0.092" /><testcase classname="backend.tests.test_chrono_dmi_api.TestAuth" name="test_login_pin_success" time="0.077" /><testcase classname="backend.tests.test_chrono_dmi_api.TestAuth" name="test_login_invalid_credentials" time="0.004" /><testcase classname="backend.tests.test_chrono_dmi_api.TestAuth" name="test_login_invalid_pin" time="0.075" /><testcase classname="backend.tests.test_chrono_dmi_api.TestAuth" name="test_get_me_authenticated" time="0.081" /><testcase classname="backend.tests.test_chrono_dmi_api.TestInterventions" name="test_get_interventions" time="0.082" /><testcase classname="backend.tests.test_chrono_dmi_api.TestInterventions" name="test_create_intervention" time="0.101" /><testcase classname="backend.tests.test_chrono_dmi_api.TestCabinets" name="test_get_cabinets" time="0.081" /><testcase classname="backend.tests.test_chrono_dmi_api.TestProducts" name="test_get_products" time="0.080" /><testcase classname="backend.tests.test_chrono_dmi_api.TestOrders" name="test_get_orders" time="0.079" /><testcase classname="backend.tests.test_chrono_dmi_api.TestConsumption" name="test_get_consumption_imports" time="0.081" /><testcase classname="backend.tests.test_chrono_dmi_api.TestEmployees" name="test_get_employees" time="0.079" /><testcase classname="backend.tests.test_chrono_dmi_api.TestMovements" name="test_get_movements" time="0.080" /><testcase classname="backend.tests.test_chrono_dmi_api.TestCategories" name="test_get_product_categories" time="0.079" /><testcase classname="backend.tests.test_chrono_dmi_api.TestCategories" name="test_get_product_types" time="0.079" /><testcase classname="backend.tests.test_chrono_dmi_api.TestCategories" name="test_get_product_specifications" time="0.079" /><testcase classname="backend.tests.test_chrono_dmi_api.TestSuppliers" name="test_get_suppliers" time="0.079" /></testsuite></testsuites>