<?xml version="1.0" encoding="utf-8"?><testsuites name="pytest tests"><testsuite name="pytest" errors="0" failures="0" skipped="0" tests="40" time="12.475" timestamp="2026-03-25T00:52:41.277545+00:00" hostname="agent-env-0492ad5a-8db2-4953-ab90-5228c01bc279"><testcase classname="backend.tests.test_chrono_dmi_v2.TestHealthCheck" name="test_health_endpoint" time="0.139" /><testcase classname="backend.tests.test_chrono_dmi_v2.TestAuthentication" name="test_admin_login_success" time="0.336" /><testcase classname="backend.tests.test_chrono_dmi_v2.TestAuthentication" name="test_admin_login_invalid_password" time="0.343" /><testcase classname="backend.tests.test_chrono_dmi_v2.TestAuthentication" name="test_pin_login_success" time="0.352" /><testcase classname="backend.tests.test_chrono_dmi_v2.TestAuthentication" name="test_pin_login_invalid" time="1.241" /><testcase classname="backend.tests.test_chrono_dmi_v2.TestAuthentication" name="test_get_current_user" time="0.483" /><testcase classname="backend.tests.test_chrono_dmi_v2.TestSuppliers" name="test_create_supplier" time="0.105" /><testcase classname="backend.tests.test_chrono_dmi_v2.TestSuppliers" name="test_get_suppliers" time="0.103" /><testcase classname="backend.tests.test_chrono_dmi_v2.TestSuppliers" name="test_update_supplier" time="0.263" /><testcase classname="backend.tests.test_chrono_dmi_v2.TestSuppliers" name="test_delete_supplier" time="0.232" /><testcase classname="backend.tests.test_chrono_dmi_v2.TestProductCategories" name="test_create_category" time="0.224" /><testcase classname="backend.tests.test_chrono_dmi_v2.TestProductCategories" name="test_get_categories" time="0.101" /><testcase classname="backend.tests.test_chrono_dmi_v2.TestProductCategories" name="test_update_category" time="0.371" /><testcase classname="backend.tests.test_chrono_dmi_v2.TestProductTypes" name="test_create_type" time="0.118" /><testcase classname="backend.tests.test_chrono_dmi_v2.TestProductTypes" name="test_get_types" time="0.130" /><testcase classname="backend.tests.test_chrono_dmi_v2.TestCabinets" name="test_create_cabinet" time="0.116" /><testcase classname="backend.tests.test_chrono_dmi_v2.TestCabinets" name="test_get_cabinets" time="0.116" /><testcase classname="backend.tests.test_chrono_dmi_v2.TestCabinets" name="test_get_cabinet_locations" time="0.362" /><testcase classname="backend.tests.test_chrono_dmi_v2.TestProducts" name="test_create_product" time="0.449" /><testcase classname="backend.tests.test_chrono_dmi_v2.TestProducts" name="test_get_products" time="0.110" /><testcase classname="backend.tests.test_chrono_dmi_v2.TestProducts" name="test_get_product_by_id" time="0.731" /><testcase classname="backend.tests.test_chrono_dmi_v2.TestOrders" name="test_create_order" time="0.609" /><testcase classname="backend.tests.test_chrono_dmi_v2.TestOrders" name="test_get_orders" time="0.137" /><testcase classname="backend.tests.test_chrono_dmi_v2.TestOrders" name="test_send_order" time="0.218" /><testcase classname="backend.tests.test_chrono_dmi_v2.TestOrders" name="test_get_order_detail" time="0.102" /><testcase classname="backend.tests.test_chrono_dmi_v2.TestOrders" name="test_receive_order_items" time="1.108" /><testcase classname="backend.tests.test_chrono_dmi_v2.TestInterventions" name="test_create_intervention" time="0.571" /><testcase classname="backend.tests.test_chrono_dmi_v2.TestInterventions" name="test_get_interventions_today" time="0.136" /><testcase classname="backend.tests.test_chrono_dmi_v2.TestInterventions" name="test_get_interventions_week" time="0.163" /><testcase classname="backend.tests.test_chrono_dmi_v2.TestInterventions" name="test_get_interventions_all" time="0.619" /><testcase classname="backend.tests.test_chrono_dmi_v2.TestEmployees" name="test_get_employees" time="0.124" /><testcase classname="backend.tests.test_chrono_dmi_v2.TestEmployees" name="test_get_roles" time="0.115" /><testcase classname="backend.tests.test_chrono_dmi_v2.TestEmployees" name="test_create_employee" time="0.555" /><testcase classname="backend.tests.test_chrono_dmi_v2.TestEmployees" name="test_update_employee" time="0.430" /><testcase classname="backend.tests.test_chrono_dmi_v2.TestEmployees" name="test_delete_employee" time="0.248" /><testcase classname="backend.tests.test_chrono_dmi_v2.TestMovements" name="test_get_movements" time="0.097" /><testcase classname="backend.tests.test_chrono_dmi_v2.TestInstances" name="test_get_instances" time="0.099" /><testcase classname="backend.tests.test_chrono_dmi_v2.TestInstances" name="test_get_pending_placement" time="0.110" /><testcase classname="backend.tests.test_chrono_dmi_v2.TestHardwareStubs" name="test_unlock_cabinet" time="0.265" /><testcase classname="backend.tests.test_chrono_dmi_v2.TestHardwareStubs" name="test_emergency_unlock" time="0.232" /></testsuite></testsuites>