<?xml version="1.0" encoding="utf-8"?><testsuites name="pytest tests"><testsuite name="pytest" errors="0" failures="0" skipped="1" tests="14" time="7.089" timestamp="2026-03-25T17:58:56.529959+00:00" hostname="agent-env-0492ad5a-8db2-4953-ab90-5228c01bc279"><testcase classname="backend.tests.test_grm_export.TestGRMExport" name="test_01_health_check" time="0.490" /><testcase classname="backend.tests.test_grm_export.TestGRMExport" name="test_02_consumption_endpoint_returns_picked_and_consumed" time="0.400" /><testcase classname="backend.tests.test_grm_export.TestGRMExport" name="test_03_export_grm_no_consumed_returns_400" time="0.455" /><testcase classname="backend.tests.test_grm_export.TestGRMExport" name="test_04_create_test_data_for_grm_export" time="1.259" /><testcase classname="backend.tests.test_grm_export.TestGRMExport" name="test_05_consume_picked_instance" time="0.492" /><testcase classname="backend.tests.test_grm_export.TestGRMExport" name="test_06_consume_remaining_picked_instances" time="0.482" /><testcase classname="backend.tests.test_grm_export.TestGRMExport" name="test_07_export_grm_success" time="0.468" /><testcase classname="backend.tests.test_grm_export.TestGRMExport" name="test_08_validate_grm_format" time="0.403"><skipped type="pytest.skip" message="No CONSUMED instances - GRM format already validated in previous export">/app/backend/tests/test_grm_export.py:331: No CONSUMED instances - GRM format already validated in previous export</skipped></testcase><testcase classname="backend.tests.test_grm_export.TestGRMExport" name="test_09_verify_instances_transitioned_to_invoiced" time="0.425" /><testcase classname="backend.tests.test_grm_export.TestGRMExport" name="test_10_verify_replacement_orders_created" time="0.444" /><testcase classname="backend.tests.test_grm_export.TestGRMExport" name="test_11_verify_facturation_movements_created" time="0.435" /><testcase classname="backend.tests.test_grm_export.TestGRMExport" name="test_12_orders_page_shows_pending_reception" time="0.419" /><testcase classname="backend.tests.test_grm_export.TestConsumeEndpoint" name="test_consume_non_picked_returns_400" time="0.449" /><testcase classname="backend.tests.test_grm_export.TestConsumeEndpoint" name="test_consume_nonexistent_returns_404" time="0.410" /></testsuite></testsuites>