<?xml version="1.0" encoding="utf-8"?><testsuites name="pytest tests"><testsuite name="pytest" errors="0" failures="0" skipped="0" tests="13" time="2.567" timestamp="2026-04-09T21:34:51.576860+00:00" hostname="agent-env-0492ad5a-8db2-4953-ab90-5228c01bc279"><testcase classname="tests.test_interventions_refactor.TestInterventionCreateOptionalFields" name="test_create_intervention_without_surgeon_and_room" time="0.607" /><testcase classname="tests.test_interventions_refactor.TestInterventionCreateOptionalFields" name="test_create_intervention_with_only_surgeon" time="0.114" /><testcase classname="tests.test_interventions_refactor.TestInterventionCreateOptionalFields" name="test_create_intervention_with_only_room" time="0.102" /><testcase classname="tests.test_interventions_refactor.TestInterventionCreateOptionalFields" name="test_create_intervention_with_all_fields" time="0.102" /><testcase classname="tests.test_interventions_refactor.TestCascadingFiltersEndpoint" name="test_get_available_stock_no_filters" time="0.062" /><testcase classname="tests.test_interventions_refactor.TestCascadingFiltersEndpoint" name="test_get_available_stock_with_category_filter" time="0.107" /><testcase classname="tests.test_interventions_refactor.TestCascadingFiltersEndpoint" name="test_stock_results_have_required_fields" time="0.053" /><testcase classname="tests.test_interventions_refactor.TestInterventionUpdate" name="test_update_intervention_partial_surgeon_only" time="0.146" /><testcase classname="tests.test_interventions_refactor.TestInterventionUpdate" name="test_update_intervention_partial_room_only" time="0.152" /><testcase classname="tests.test_interventions_refactor.TestInterventionUpdate" name="test_update_intervention_clear_optional_fields" time="0.167" /><testcase classname="tests.test_interventions_refactor.TestInterventionWithProducts" name="test_create_intervention_with_products" time="0.200" /><testcase classname="tests.test_interventions_refactor.TestInterventionWithProducts" name="test_add_product_to_existing_intervention" time="0.258" /><testcase classname="tests.test_interventions_refactor.TestInterventionWithProducts" name="test_update_product_quantity" time="0.299" /></testsuite></testsuites>