<?xml version="1.0" encoding="utf-8"?><testsuites name="pytest tests"><testsuite name="pytest" errors="0" failures="0" skipped="0" tests="7" time="1.916" timestamp="2026-04-09T22:28:21.482393+00:00" hostname="agent-env-0492ad5a-8db2-4953-ab90-5228c01bc279"><testcase classname="backend.tests.test_light_picking_refine.TestLightPickingRefineBackend" name="test_create_intervention_with_partial_product" time="0.595" /><testcase classname="backend.tests.test_light_picking_refine.TestLightPickingRefineBackend" name="test_fifo_suggestions_for_partial_product" time="0.174" /><testcase classname="backend.tests.test_light_picking_refine.TestLightPickingRefineBackend" name="test_get_available_stock_for_category" time="0.056" /><testcase classname="backend.tests.test_light_picking_refine.TestLightPickingRefineBackend" name="test_refine_partial_product_with_product_id" time="0.260" /><testcase classname="backend.tests.test_light_picking_refine.TestLightPickingRefineBackend" name="test_refine_with_filter_level_confirmation" time="0.241" /><testcase classname="backend.tests.test_light_picking_refine.TestLightPickingRefineBackend" name="test_intervention_product_enrichment" time="0.164" /><testcase classname="backend.tests.test_light_picking_refine.TestLightPickingRefineIntegration" name="test_full_refine_flow" time="0.373" /></testsuite></testsuites>