<?xml version="1.0" encoding="utf-8"?><testsuites name="pytest tests"><testsuite name="pytest" errors="0" failures="0" skipped="0" tests="6" time="1.776" timestamp="2026-04-10T00:04:45.242084+00:00" hostname="agent-env-0492ad5a-8db2-4953-ab90-5228c01bc279"><testcase classname="backend.tests.test_mismatch_validation.TestMismatchValidation" name="test_pick_mismatched_product_returns_mismatch_warning" time="0.687" /><testcase classname="backend.tests.test_mismatch_validation.TestMismatchValidation" name="test_pick_matching_product_returns_picked_true" time="0.250" /><testcase classname="backend.tests.test_mismatch_validation.TestMismatchValidation" name="test_pick_with_force_ignores_mismatch" time="0.312" /><testcase classname="backend.tests.test_mismatch_validation.TestMismatchValidationWithFullProduct" name="test_mismatch_with_different_product_id" time="0.256" /><testcase classname="backend.tests.test_mismatch_validation.TestEdgeCases" name="test_pick_unavailable_instance_returns_error" time="0.147" /><testcase classname="backend.tests.test_mismatch_validation.TestEdgeCases" name="test_pick_for_nonexistent_intervention_returns_404" time="0.062" /></testsuite></testsuites>