<?xml version="1.0" encoding="utf-8"?><testsuites name="pytest tests"><testsuite name="pytest" errors="0" failures="0" skipped="0" tests="14" time="3.769" timestamp="2026-04-09T22:06:03.154290+00:00" hostname="agent-env-0492ad5a-8db2-4953-ab90-5228c01bc279"><testcase classname="backend.tests.test_partial_product_specs.TestCreateInterventionWithPartialProducts" name="test_create_with_category_only" time="0.750" /><testcase classname="backend.tests.test_partial_product_specs.TestCreateInterventionWithPartialProducts" name="test_create_with_category_and_type" time="0.190" /><testcase classname="backend.tests.test_partial_product_specs.TestCreateInterventionWithPartialProducts" name="test_create_with_full_product_id" time="0.205" /><testcase classname="backend.tests.test_partial_product_specs.TestCreateInterventionWithPartialProducts" name="test_create_with_mixed_products" time="0.163" /><testcase classname="backend.tests.test_partial_product_specs.TestRefinePartialProduct" name="test_refine_category_to_type" time="0.238" /><testcase classname="backend.tests.test_partial_product_specs.TestRefinePartialProduct" name="test_refine_partial_to_full_product" time="0.236" /><testcase classname="backend.tests.test_partial_product_specs.TestFifoSuggestionsForPartialProducts" name="test_fifo_suggestions_for_category_only" time="0.184" /><testcase classname="backend.tests.test_partial_product_specs.TestFifoSuggestionsForPartialProducts" name="test_fifo_suggestions_for_full_product" time="0.171" /><testcase classname="backend.tests.test_partial_product_specs.TestEnrichmentFields" name="test_enrichment_includes_category_object" time="0.207" /><testcase classname="backend.tests.test_partial_product_specs.TestEnrichmentFields" name="test_enrichment_includes_type_obj" time="0.181" /><testcase classname="backend.tests.test_partial_product_specs.TestEnrichmentFields" name="test_enrichment_includes_product_with_nested_objects" time="0.167" /><testcase classname="backend.tests.test_partial_product_specs.TestResolutionLevels" name="test_resolution_hierarchy" time="0.611" /><testcase classname="backend.tests.test_partial_product_specs.TestOptionalSurgeonAndRoom" name="test_create_without_surgeon_and_room" time="0.121" /><testcase classname="backend.tests.test_partial_product_specs.TestOptionalSurgeonAndRoom" name="test_create_with_partial_products_no_surgeon" time="0.165" /></testsuite></testsuites>