<?xml version="1.0" encoding="utf-8"?><testsuites name="pytest tests"><testsuite name="pytest" errors="0" failures="0" skipped="1" tests="13" time="3.825" timestamp="2026-02-02T21:34:15.284537+00:00" hostname="agent-env-052bc5e9-14ff-43ad-bef2-22466a912207"><testcase classname="backend.tests.test_placement_workflow.TestPlacementWorkflow" name="test_01_health_check" time="0.326" /><testcase classname="backend.tests.test_placement_workflow.TestPlacementWorkflow" name="test_02_get_pending_placement_batches" time="0.264" /><testcase classname="backend.tests.test_placement_workflow.TestPlacementWorkflow" name="test_03_scan_for_placement_existing_pending" time="0.294" /><testcase classname="backend.tests.test_placement_workflow.TestPlacementWorkflow" name="test_04_scan_for_placement_unknown_serial" time="0.310" /><testcase classname="backend.tests.test_placement_workflow.TestPlacementWorkflow" name="test_05_scan_for_placement_collected_item" time="0.272"><skipped type="pytest.skip" message="No collected batches available for testing">/app/backend/tests/test_placement_workflow.py:137: No collected batches available for testing</skipped></testcase><testcase classname="backend.tests.test_placement_workflow.TestPlacementWorkflow" name="test_06_scan_for_placement_already_in_stock" time="0.284" /><testcase classname="backend.tests.test_placement_workflow.TestPlacementWorkflow" name="test_07_confirm_placement_missing_batch_id" time="0.264" /><testcase classname="backend.tests.test_placement_workflow.TestPlacementWorkflow" name="test_08_confirm_placement_missing_location" time="0.276" /><testcase classname="backend.tests.test_placement_workflow.TestPlacementWorkflow" name="test_09_confirm_placement_invalid_location" time="0.281" /><testcase classname="backend.tests.test_placement_workflow.TestPlacementWorkflow" name="test_10_get_locations_for_type_validation" time="0.295" /><testcase classname="backend.tests.test_placement_workflow.TestPlacementWorkflow" name="test_11_receive_item_creates_pending_batch" time="0.360" /><testcase classname="backend.tests.test_placement_workflow.TestProductTypeValidation" name="test_product_type_in_pending_batches" time="0.269" /><testcase classname="backend.tests.test_placement_workflow.TestProductTypeValidation" name="test_product_type_in_scan_response" time="0.277" /></testsuite></testsuites>