<?xml version="1.0" encoding="utf-8"?><testsuites name="pytest tests"><testsuite name="pytest" errors="0" failures="0" skipped="0" tests="11" time="2.440" timestamp="2026-04-10T01:13:06.272224+00:00" hostname="agent-env-0492ad5a-8db2-4953-ab90-5228c01bc279"><testcase classname="backend.tests.test_socketio_interventions.TestSocketIOEndpoint" name="test_socketio_polling_endpoint_returns_200" time="0.145" /><testcase classname="backend.tests.test_socketio_interventions.TestHealthEndpoint" name="test_health_endpoint_returns_ok" time="0.145" /><testcase classname="backend.tests.test_socketio_interventions.TestInterventionCRUD" name="test_create_intervention_with_all_fields" time="0.512" /><testcase classname="backend.tests.test_socketio_interventions.TestInterventionCRUD" name="test_create_intervention_with_null_fields" time="0.134" /><testcase classname="backend.tests.test_socketio_interventions.TestInterventionCRUD" name="test_get_intervention_returns_fields" time="0.120" /><testcase classname="backend.tests.test_socketio_interventions.TestInterventionCRUD" name="test_list_interventions_today_returns_fields" time="0.120" /><testcase classname="backend.tests.test_socketio_interventions.TestInterventionCRUD" name="test_update_intervention_fields" time="0.125" /><testcase classname="backend.tests.test_socketio_interventions.TestInterventionCRUD" name="test_delete_intervention" time="0.230" /><testcase classname="backend.tests.test_socketio_interventions.TestInterventionCRUD" name="test_delete_null_intervention" time="0.132" /><testcase classname="backend.tests.test_socketio_interventions.TestInterventionProductsWithEmit" name="test_create_intervention_and_add_product" time="0.561" /><testcase classname="backend.tests.test_socketio_interventions.TestInterventionProductsWithEmit" name="test_cleanup_emit_test_intervention" time="0.149" /></testsuite></testsuites>