<?xml version="1.0" encoding="utf-8"?><testsuites name="pytest tests"><testsuite name="pytest" errors="0" failures="0" skipped="0" tests="54" time="92.585" timestamp="2026-03-25T16:29:53.890322+00:00" hostname="agent-env-0492ad5a-8db2-4953-ab90-5228c01bc279"><testcase classname="backend.tests.test_v2_features.TestLightClientLogin" name="test_pin_login_success" time="0.434" /><testcase classname="backend.tests.test_v2_features.TestLightClientLogin" name="test_pin_login_wrong_pin" time="1.447" /><testcase classname="backend.tests.test_v2_features.TestLightClientLogin" name="test_card_login_success" time="0.122" /><testcase classname="backend.tests.test_v2_features.TestLightClientLogin" name="test_card_login_wrong_card" time="0.105" /><testcase classname="backend.tests.test_v2_features.TestLightClientLogin" name="test_pin_login_empty_pin" time="0.111" /><testcase classname="backend.tests.test_v2_features.TestLightClientLogin" name="test_card_login_empty_card" time="0.136" /><testcase classname="backend.tests.test_v2_features.TestOrderReception" name="test_create_order_and_receive" time="1.367" /><testcase classname="backend.tests.test_v2_features.TestOrderReception" name="test_receive_partial_order" time="1.098" /><testcase classname="backend.tests.test_v2_features.TestFIFOSuggestions" name="test_fifo_suggestions_endpoint" time="1.974" /><testcase classname="backend.tests.test_v2_features.TestFIFOSuggestions" name="test_fifo_sorting_by_expiration" time="1.246" /><testcase classname="backend.tests.test_v2_features.TestInterventionPicking" name="test_pick_with_fifo" time="2.094" /><testcase classname="backend.tests.test_v2_features.TestInterventionPicking" name="test_pick_specific_instance" time="0.947" /><testcase classname="backend.tests.test_v2_features.TestMovementsAudit" name="test_movements_logged_for_reception" time="0.114" /><testcase classname="backend.tests.test_v2_features.TestMovementsAudit" name="test_movements_logged_for_picking" time="0.133" /><testcase classname="backend.tests.test_chrono_dmi_v2.TestHealthCheck" name="test_health_endpoint" time="0.152" /><testcase classname="backend.tests.test_chrono_dmi_v2.TestAuthentication" name="test_admin_login_success" time="0.365" /><testcase classname="backend.tests.test_chrono_dmi_v2.TestAuthentication" name="test_admin_login_invalid_password" time="0.346" /><testcase classname="backend.tests.test_chrono_dmi_v2.TestAuthentication" name="test_pin_login_success" time="0.359" /><testcase classname="backend.tests.test_chrono_dmi_v2.TestAuthentication" name="test_pin_login_invalid" time="1.445" /><testcase classname="backend.tests.test_chrono_dmi_v2.TestAuthentication" name="test_get_current_user" time="0.471" /><testcase classname="backend.tests.test_chrono_dmi_v2.TestSuppliers" name="test_create_supplier" time="0.114" /><testcase classname="backend.tests.test_chrono_dmi_v2.TestSuppliers" name="test_get_suppliers" time="0.112" /><testcase classname="backend.tests.test_chrono_dmi_v2.TestSuppliers" name="test_update_supplier" time="0.277" /><testcase classname="backend.tests.test_chrono_dmi_v2.TestSuppliers" name="test_delete_supplier" time="0.242" /><testcase classname="backend.tests.test_chrono_dmi_v2.TestProductCategories" name="test_create_category" time="0.152" /><testcase classname="backend.tests.test_chrono_dmi_v2.TestProductCategories" name="test_get_categories" time="0.125" /><testcase classname="backend.tests.test_chrono_dmi_v2.TestProductCategories" name="test_update_category" time="0.401" /><testcase classname="backend.tests.test_chrono_dmi_v2.TestProductTypes" name="test_create_type" time="0.119" /><testcase classname="backend.tests.test_chrono_dmi_v2.TestProductTypes" name="test_get_types" time="0.113" /><testcase classname="backend.tests.test_chrono_dmi_v2.TestCabinets" name="test_create_cabinet" time="0.112" /><testcase classname="backend.tests.test_chrono_dmi_v2.TestCabinets" name="test_get_cabinets" time="0.137" /><testcase classname="backend.tests.test_chrono_dmi_v2.TestCabinets" name="test_get_cabinet_locations" time="0.366" /><testcase classname="backend.tests.test_chrono_dmi_v2.TestProducts" name="test_create_product" time="0.488" /><testcase classname="backend.tests.test_chrono_dmi_v2.TestProducts" name="test_get_products" time="0.123" /><testcase classname="backend.tests.test_chrono_dmi_v2.TestProducts" name="test_get_product_by_id" time="0.729" /><testcase classname="backend.tests.test_chrono_dmi_v2.TestOrders" name="test_create_order" time="0.584" /><testcase classname="backend.tests.test_chrono_dmi_v2.TestOrders" name="test_get_orders" time="0.162" /><testcase classname="backend.tests.test_chrono_dmi_v2.TestOrders" name="test_send_order" time="68.599" /><testcase classname="backend.tests.test_chrono_dmi_v2.TestOrders" name="test_get_order_detail" time="0.183" /><testcase classname="backend.tests.test_chrono_dmi_v2.TestOrders" name="test_receive_order_items" time="0.991" /><testcase classname="backend.tests.test_chrono_dmi_v2.TestInterventions" name="test_create_intervention" time="0.603" /><testcase classname="backend.tests.test_chrono_dmi_v2.TestInterventions" name="test_get_interventions_today" time="0.130" /><testcase classname="backend.tests.test_chrono_dmi_v2.TestInterventions" name="test_get_interventions_week" time="0.119" /><testcase classname="backend.tests.test_chrono_dmi_v2.TestInterventions" name="test_get_interventions_all" time="0.627" /><testcase classname="backend.tests.test_chrono_dmi_v2.TestEmployees" name="test_get_employees" time="0.127" /><testcase classname="backend.tests.test_chrono_dmi_v2.TestEmployees" name="test_get_roles" time="0.109" /><testcase classname="backend.tests.test_chrono_dmi_v2.TestEmployees" name="test_create_employee" time="0.579" /><testcase classname="backend.tests.test_chrono_dmi_v2.TestEmployees" name="test_update_employee" time="0.470" /><testcase classname="backend.tests.test_chrono_dmi_v2.TestEmployees" name="test_delete_employee" time="0.248" /><testcase classname="backend.tests.test_chrono_dmi_v2.TestMovements" name="test_get_movements" time="0.107" /><testcase classname="backend.tests.test_chrono_dmi_v2.TestInstances" name="test_get_instances" time="0.137" /><testcase classname="backend.tests.test_chrono_dmi_v2.TestInstances" name="test_get_pending_placement" time="0.122" /><testcase classname="backend.tests.test_chrono_dmi_v2.TestHardwareStubs" name="test_unlock_cabinet" time="0.287" /><testcase classname="backend.tests.test_chrono_dmi_v2.TestHardwareStubs" name="test_emergency_unlock" time="0.230" /></testsuite></testsuites>