<?xml version="1.0" encoding="utf-8"?><testsuites name="pytest tests"><testsuite name="pytest" errors="0" failures="0" skipped="0" tests="15" time="5.026" timestamp="2026-04-18T16:05:41.108700+00:00" hostname="agent-env-0492ad5a-8db2-4953-ab90-5228c01bc279"><testcase classname="tests.test_variant_rename.TestVariantRename" name="test_get_product_variants_returns_list" time="0.333" /><testcase classname="tests.test_variant_rename.TestVariantRename" name="test_old_specifications_endpoint_returns_404" time="0.249" /><testcase classname="tests.test_variant_rename.TestVariantRename" name="test_products_have_variant_id_field" time="0.291" /><testcase classname="tests.test_variant_rename.TestVariantRename" name="test_products_have_variant_relation" time="0.305" /><testcase classname="tests.test_variant_rename.TestVariantRename" name="test_filter_options_returns_variants" time="0.306" /><testcase classname="tests.test_variant_rename.TestVariantRename" name="test_filter_options_supports_variant_id_param" time="0.306" /><testcase classname="tests.test_variant_rename.TestVariantRename" name="test_fifo_suggestion_supports_variant_id" time="0.336" /><testcase classname="tests.test_variant_rename.TestVariantRename" name="test_available_stock_supports_variant_id" time="0.297" /><testcase classname="tests.test_variant_rename.TestVariantRename" name="test_intervention_detail_returns_variant_relation" time="0.365" /><testcase classname="tests.test_variant_rename.TestVariantRename" name="test_intervention_detail_returns_resolution_variant" time="0.284" /><testcase classname="tests.test_variant_rename.TestVariantRename" name="test_intervention_fifo_suggestions_returns_variant" time="0.284" /><testcase classname="tests.test_variant_rename.TestVariantRename" name="test_add_intervention_product_with_variant_id" time="0.563" /><testcase classname="tests.test_variant_rename.TestVariantRename" name="test_create_variant" time="0.314" /><testcase classname="tests.test_variant_rename.TestVariantRename" name="test_update_variant" time="0.359" /><testcase classname="tests.test_variant_rename.TestVariantRename" name="test_delete_variant" time="0.328" /></testsuite></testsuites>